#
# There is insufficient memory for the Java Runtime Environment to continue.
# Native memory allocation (malloc) failed to allocate 1048576 bytes for AllocateHeap
# Possible reasons:
#   The system is out of physical RAM or swap space
#   The process is running with CompressedOops enabled, and the Java Heap may be blocking the growth of the native heap
# Possible solutions:
#   Reduce memory load on the system
#   Increase physical memory or swap space
#   Check if swap backing store is full
#   Decrease Java heap size (-Xmx/-Xms)
#   Decrease number of Java threads
#   Decrease Java thread stack sizes (-Xss)
#   Set larger code cache with -XX:ReservedCodeCacheSize=
#   JVM is running with Zero Based Compressed Oops mode in which the Java heap is
#     placed in the first 32GB address space. The Java Heap base address is the
#     maximum limit for the native heap growth. Please use -XX:HeapBaseMinAddress
#     to set the Java Heap base and to place the Java Heap above 32GB virtual address.
# This output file may be truncated or incomplete.
#
#  Out of Memory Error (allocation.cpp:44), pid=9176, tid=23088
#
# JRE version:  (21.0.1+12) (build )
# Java VM: Java HotSpot(TM) 64-Bit Server VM (21.0.1+12-LTS-29, mixed mode, sharing, tiered, compressed oops, compressed class ptrs, g1 gc, windows-amd64)
# No core dump will be written. Minidumps are not enabled by default on client versions of Windows
#

---------------  S U M M A R Y ------------

Command Line: 

Host: 12th Gen Intel(R) Core(TM) i5-12500H, 16 cores, 15G,  Windows 11 , 64 bit Build 26100 (10.0.26100.3323)
Time: Sun Mar 16 20:06:14 2025 India Standard Time elapsed time: 2.097687 seconds (0d 0h 0m 2s)

---------------  T H R E A D  ---------------

Current thread (0x000001d2b6dcc770):  JavaThread "Unknown thread" [_thread_in_vm, id=23088, stack(0x0000006660e00000,0x0000006660f00000) (1024K)]

Stack: [0x0000006660e00000,0x0000006660f00000]
Native frames: (J=compiled Java code, j=interpreted, Vv=VM code, C=native code)
V  [jvm.dll+0x6c9029]
V  [jvm.dll+0x854b81]
V  [jvm.dll+0x856e5e]
V  [jvm.dll+0x857543]
V  [jvm.dll+0x280c06]
V  [jvm.dll+0xbea87]
V  [jvm.dll+0x331715]
V  [jvm.dll+0x329d61]
V  [jvm.dll+0x81d179]
V  [jvm.dll+0x3bb4f1]
V  [jvm.dll+0x805ae8]
V  [jvm.dll+0x44effe]
V  [jvm.dll+0x450901]
C  [jli.dll+0x52a3]
C  [ucrtbase.dll+0x37b0]
C  [KERNEL32.DLL+0x2e8d7]
C  [ntdll.dll+0xbbf6c]


---------------  P R O C E S S  ---------------

Threads class SMR info:
_java_thread_list=0x00007ffe4bba9b88, length=0, elements={
}

Java Threads: ( => current thread )
Total: 0

Other Threads:
  0x000001d2b9033a10 WorkerThread "GC Thread#0"                     [id=18424, stack(0x0000006660f00000,0x0000006661000000) (1024K)]

[error occurred during error reporting (printing all threads), id 0xc0000005, EXCEPTION_ACCESS_VIOLATION (0xc0000005) at pc=0x00007ffe4b3162a0]
VM state: not at safepoint (not fully initialized)

VM Mutex/Monitor currently owned by a thread:  ([mutex/lock_event])
[0x00007ffe4bc1a6f8] Heap_lock - owner thread: 0x000001d2b6dcc770

Heap address: 0x0000000705e00000, size: 4002 MB, Compressed Oops mode: Zero based, Oop shift amount: 3

CDS archive(s) mapped at: [0x0000000000000000-0x0000000000000000-0x0000000000000000), size 0, SharedBaseAddress: 0x0000000800000000, ArchiveRelocationMode: 1.
Narrow klass base: 0x0000000000000000, Narrow klass shift: 0, Narrow klass range: 0x0

GC Precious Log:
 CardTable entry size: 512
 Card Set container configuration: InlinePtr #cards 4 size 8 Array Of Cards #cards 16 size 48 Howl #buckets 8 coarsen threshold 3686 Howl Bitmap #cards 512 size 80 coarsen threshold 460 Card regions per heap region 1 cards per card region 4096

Heap:
 garbage-first heap   total 0K, used 0K [0x0000000705e00000, 0x0000000800000000)
  region size 2048K, 0 young (0K), 0 survivors (0K)

[error occurred during error reporting (printing heap information), id 0xc0000005, EXCEPTION_ACCESS_VIOLATION (0xc0000005) at pc=0x00007ffe4b701be9]
GC Heap History (0 events):
No events

Dll operation events (1 events):
Event: 0.039 Loaded shared library C:\Program Files\Java\jdk-21\bin\java.dll

Deoptimization events (0 events):
No events

Classes loaded (0 events):
No events

Classes unloaded (0 events):
No events

Classes redefined (0 events):
No events

Internal exceptions (0 events):
No events

ZGC Phase Switch (0 events):
No events

VM Operations (0 events):
No events

Events (0 events):
No events


Dynamic libraries:
0x00007ff6d7c40000 - 0x00007ff6d7c50000 	C:\Program Files\Java\jdk-21\bin\java.exe
0x00007ffed0980000 - 0x00007ffed0be3000 	C:\WINDOWS\SYSTEM32\ntdll.dll
0x00007ffec0120000 - 0x00007ffec013a000 	C:\Program Files\Avast Software\Avast\aswhook.dll
0x00007ffecfa10000 - 0x00007ffecfad7000 	C:\WINDOWS\System32\KERNEL32.DLL
0x00007ffecdf70000 - 0x00007ffece339000 	C:\WINDOWS\System32\KERNELBASE.dll
0x00007ffece400000 - 0x00007ffece54c000 	C:\WINDOWS\System32\ucrtbase.dll
0x00007ffebf090000 - 0x00007ffebf0a9000 	C:\Program Files\Java\jdk-21\bin\jli.dll
0x00007ffec2050000 - 0x00007ffec206b000 	C:\Program Files\Java\jdk-21\bin\VCRUNTIME140.dll
0x00007ffecec40000 - 0x00007ffececf2000 	C:\WINDOWS\System32\ADVAPI32.dll
0x00007ffeced80000 - 0x00007ffecee29000 	C:\WINDOWS\System32\msvcrt.dll
0x00007ffed04f0000 - 0x00007ffed0596000 	C:\WINDOWS\System32\sechost.dll
0x00007ffecf8f0000 - 0x00007ffecfa06000 	C:\WINDOWS\System32\RPCRT4.dll
0x00007ffecf3a0000 - 0x00007ffecf56a000 	C:\WINDOWS\System32\USER32.dll
0x00007ffead780000 - 0x00007ffeada10000 	C:\WINDOWS\WinSxS\amd64_microsoft.windows.common-controls_6595b64144ccf1df_6.0.26100.3323_none_3e088096e3344490\COMCTL32.dll
0x00007ffece770000 - 0x00007ffece797000 	C:\WINDOWS\System32\win32u.dll
0x00007ffece9d0000 - 0x00007ffece9fa000 	C:\WINDOWS\System32\GDI32.dll
0x00007ffecdcf0000 - 0x00007ffecde21000 	C:\WINDOWS\System32\gdi32full.dll
0x00007ffecdec0000 - 0x00007ffecdf63000 	C:\WINDOWS\System32\msvcp_win.dll
0x00007ffec0c50000 - 0x00007ffec0c5b000 	C:\WINDOWS\SYSTEM32\VERSION.dll
0x00007ffecfae0000 - 0x00007ffecfb0f000 	C:\WINDOWS\System32\IMM32.DLL
0x00007ffec4a20000 - 0x00007ffec4a2c000 	C:\Program Files\Java\jdk-21\bin\vcruntime140_1.dll
0x00007ffe9cb00000 - 0x00007ffe9cb8e000 	C:\Program Files\Java\jdk-21\bin\msvcp140.dll
0x00007ffe4afe0000 - 0x00007ffe4bcf5000 	C:\Program Files\Java\jdk-21\bin\server\jvm.dll
0x00007ffed0340000 - 0x00007ffed03b4000 	C:\WINDOWS\System32\WS2_32.dll
0x00007ffecda10000 - 0x00007ffecda5e000 	C:\WINDOWS\SYSTEM32\POWRPROF.dll
0x00007ffec0c10000 - 0x00007ffec0c46000 	C:\WINDOWS\SYSTEM32\WINMM.dll
0x00007ffecd9f0000 - 0x00007ffecda04000 	C:\WINDOWS\SYSTEM32\UMPDC.dll
0x00007ffecc980000 - 0x00007ffecc99a000 	C:\WINDOWS\SYSTEM32\kernel.appcore.dll
0x00007ffec3280000 - 0x00007ffec328a000 	C:\Program Files\Java\jdk-21\bin\jimage.dll
0x00007ffecb4d0000 - 0x00007ffecb711000 	C:\WINDOWS\SYSTEM32\DBGHELP.DLL
0x00007ffed05a0000 - 0x00007ffed0922000 	C:\WINDOWS\System32\combase.dll
0x00007ffecfb20000 - 0x00007ffecfbf6000 	C:\WINDOWS\System32\OLEAUT32.dll
0x00007ffebd7f0000 - 0x00007ffebd829000 	C:\WINDOWS\SYSTEM32\dbgcore.DLL
0x00007ffece550000 - 0x00007ffece5e9000 	C:\WINDOWS\System32\bcryptPrimitives.dll
0x00007ffebdae0000 - 0x00007ffebdaff000 	C:\Program Files\Java\jdk-21\bin\java.dll

dbghelp: loaded successfully - version: 4.0.5 - missing functions: none
symbol engine: initialized successfully - sym options: 0x614 - pdb path: .;C:\Program Files\Java\jdk-21\bin;C:\WINDOWS\SYSTEM32;C:\Program Files\Avast Software\Avast;C:\WINDOWS\WinSxS\amd64_microsoft.windows.common-controls_6595b64144ccf1df_6.0.26100.3323_none_3e088096e3344490;C:\Program Files\Java\jdk-21\bin\server

VM Arguments:
java_command: <unknown>
java_class_path (initial): <not set>
Launcher Type: SUN_STANDARD

[Global flags]
     intx CICompilerCount                          = 12                                        {product} {ergonomic}
     uint ConcGCThreads                            = 3                                         {product} {ergonomic}
     uint G1ConcRefinementThreads                  = 13                                        {product} {ergonomic}
   size_t G1HeapRegionSize                         = 2097152                                   {product} {ergonomic}
    uintx GCDrainStackTargetSize                   = 64                                        {product} {ergonomic}
   size_t InitialHeapSize                          = 264241152                                 {product} {ergonomic}
   size_t MarkStackSize                            = 4194304                                   {product} {ergonomic}
   size_t MaxHeapSize                              = 4196401152                                {product} {ergonomic}
   size_t MinHeapDeltaBytes                        = 2097152                                   {product} {ergonomic}
   size_t MinHeapSize                              = 8388608                                   {product} {ergonomic}
    uintx NonNMethodCodeHeapSize                   = 7602480                                {pd product} {ergonomic}
    uintx NonProfiledCodeHeapSize                  = 122027880                              {pd product} {ergonomic}
    uintx ProfiledCodeHeapSize                     = 122027880                              {pd product} {ergonomic}
    uintx ReservedCodeCacheSize                    = 251658240                              {pd product} {ergonomic}
     bool SegmentedCodeCache                       = true                                      {product} {ergonomic}
   size_t SoftMaxHeapSize                          = 4196401152                             {manageable} {ergonomic}
     bool UseCompressedOops                        = true                           {product lp64_product} {ergonomic}
     bool UseG1GC                                  = true                                      {product} {ergonomic}
     bool UseLargePagesIndividualAllocation        = false                                  {pd product} {ergonomic}

Logging:
Log output configuration:
 #0: stdout all=warning uptime,level,tags foldmultilines=false
 #1: stderr all=off uptime,level,tags foldmultilines=false

Environment Variables:
PATH=C:\Program Files\Common Files\Oracle\Java\javapath;C:\Program Files (x86)\VMware\VMware Player\bin\;C:\WINDOWS\system32;C:\WINDOWS;C:\WINDOWS\System32\Wbem;C:\WINDOWS\System32\WindowsPowerShell\v1.0\;C:\WINDOWS\System32\OpenSSH\;C:\MinGW\bin;C:\Program Files\nodejs\;C:\Program Files\Git\cmd;C:\Users\Pooja Singh\AppData\Local\Programs\Python\Python312\Scripts\;C:\Users\Pooja Singh\AppData\Local\Programs\Python\Python312\;C:\Users\Pooja Singh\AppData\Local\Programs\Python\Launcher\;C:\Users\Pooja Singh\AppData\Local\Microsoft\WindowsApps;;C:\Program Files\JetBrains\IntelliJ IDEA Community Edition 2023.3.2\bin;;C:\Users\Pooja Singh\AppData\Roaming\npm;C:\Users\Pooja Singh\AppData\Local\Programs\Microsoft VS Code\bin
USERNAME=Pooja Singh
OS=Windows_NT
PROCESSOR_IDENTIFIER=Intel64 Family 6 Model 154 Stepping 3, GenuineIntel
TMP=C:\Users\POOJAS~1\AppData\Local\Temp
TEMP=C:\Users\POOJAS~1\AppData\Local\Temp




Periodic native trim disabled

---------------  S Y S T E M  ---------------

OS:
 Windows 11 , 64 bit Build 26100 (10.0.26100.3323)
OS uptime: 7 days 5:58 hours
Hyper-V role detected

CPU: total 16 (initial active 16) (8 cores per cpu, 2 threads per core) family 6 model 154 stepping 3 microcode 0x41b, cx8, cmov, fxsr, ht, mmx, 3dnowpref, sse, sse2, sse3, ssse3, sse4.1, sse4.2, popcnt, lzcnt, tsc, tscinvbit, avx, avx2, aes, erms, clmul, bmi1, bmi2, adx, sha, fma, vzeroupper, clflush, clflushopt, clwb, hv, serialize, rdtscp, rdpid, fsrm, f16c, cet_ibt, cet_ss
Processor Information for processor 0
  Max Mhz: 2500, Current Mhz: 2500, Mhz Limit: 2500
Processor Information for processor 1
  Max Mhz: 2500, Current Mhz: 2500, Mhz Limit: 2500
Processor Information for processor 2
  Max Mhz: 2500, Current Mhz: 2500, Mhz Limit: 2500
Processor Information for processor 3
  Max Mhz: 2500, Current Mhz: 2500, Mhz Limit: 2500
Processor Information for processor 4
  Max Mhz: 2500, Current Mhz: 2500, Mhz Limit: 2500
Processor Information for processor 5
  Max Mhz: 2500, Current Mhz: 2500, Mhz Limit: 2500
Processor Information for processor 6
  Max Mhz: 2500, Current Mhz: 2500, Mhz Limit: 2500
Processor Information for processor 7
  Max Mhz: 2500, Current Mhz: 2500, Mhz Limit: 2500
Processor Information for processor 8
  Max Mhz: 2500, Current Mhz: 1800, Mhz Limit: 1800
Processor Information for processor 9
  Max Mhz: 2500, Current Mhz: 1500, Mhz Limit: 1800
Processor Information for processor 10
  Max Mhz: 2500, Current Mhz: 1500, Mhz Limit: 1800
Processor Information for processor 11
  Max Mhz: 2500, Current Mhz: 1500, Mhz Limit: 1800
Processor Information for processor 12
  Max Mhz: 2500, Current Mhz: 1800, Mhz Limit: 1800
Processor Information for processor 13
  Max Mhz: 2500, Current Mhz: 1500, Mhz Limit: 1800
Processor Information for processor 14
  Max Mhz: 2500, Current Mhz: 1800, Mhz Limit: 1800
Processor Information for processor 15
  Max Mhz: 2500, Current Mhz: 1800, Mhz Limit: 1800

Memory: 4k page, system-wide physical 16003M (1355M free)
TotalPageFile size 44859M (AvailPageFile size 8M)
current process WorkingSet (physical memory assigned to process): 12M, peak: 12M
current process commit charge ("private bytes"): 57M, peak: 58M

vm_info: Java HotSpot(TM) 64-Bit Server VM (21.0.1+12-LTS-29) for windows-amd64 JRE (21.0.1+12-LTS-29), built on 2023-10-05T13:27:09Z by "mach5one" with MS VC++ 17.1 (VS2022)

END.
